<?xml version="1.0" encoding="UTF-8"?>
<testng-results skipped="0" failed="1" total="1" passed="0">
  <reporter-output>
  </reporter-output>
  <suite name="Default suite" duration-ms="47560" started-at="2016-08-10T09:30:21Z" finished-at="2016-08-10T09:31:09Z">
    <groups>
    </groups>
    <test name="Default test" duration-ms="47560" started-at="2016-08-10T09:30:21Z" finished-at="2016-08-10T09:31:09Z">
      <class name="Test01">
        <test-method status="PASS" signature="init()[pri:0, instance:Test01@1efb2d90]" name="init" is-config="true" duration-ms="33518" started-at="2016-08-10T17:30:22Z" finished-at="2016-08-10T17:30:55Z">
          <reporter-output>
          </reporter-output>
        </test-method> <!-- init -->
        <test-method status="FAIL" signature="googleTest()[pri:0, instance:Test01@1efb2d90]" name="googleTest" duration-ms="13604" started-at="2016-08-10T17:30:55Z" finished-at="2016-08-10T17:31:09Z">
          <exception class="org.openqa.selenium.WebDriverException">
            <message>
              <![CDATA[Method is not implemented (WARNING: The server did not provide any stacktrace information)
Command duration or timeout: 17 milliseconds
Build info: version: '2.53.0', revision: '35ae25b1534ae328c771e0856c93e187490ca824', time: '2016-03-15 10:43:46'
System info: host: 'yangyudeMacBook-Pro.local', ip: '100.66.164.134', os.name: 'Mac OS X', os.arch: 'x86_64', os.version: '10.11.4', java.version: '1.7.0_79'
Session ID: 76574b37-c46f-4e24-bb0b-aa80fca98525
Driver info: io.appium.java_client.ios.IOSDriver
Capabilities [{platform=MAC, app=/Users/yangyu/Desktop/apps/JDBClient.app, javascriptEnabled=true, browserName=, networkConnectionEnabled=false, desired={app=/Users/yangyu/Desktop/apps/JDBClient.app, platformVersion=9.3, showIOSLog=true, deviceName=iPhone 5s, platformName=iOS, browser=safari}, locationContextEnabled=false, platformVersion=9.3, showIOSLog=true, databaseEnabled=false, platformName=iOS, deviceName=iPhone 5s, webStorageEnabled=false, browser=safari, takesScreenshot=true}]]]>
            </message>
            <full-stacktrace>
              <![CDATA[org.openqa.selenium.WebDriverException: Method is not implemented (WARNING: The server did not provide any stacktrace information)
Command duration or timeout: 17 milliseconds
Build info: version: '2.53.0', revision: '35ae25b1534ae328c771e0856c93e187490ca824', time: '2016-03-15 10:43:46'
System info: host: 'yangyudeMacBook-Pro.local', ip: '100.66.164.134', os.name: 'Mac OS X', os.arch: 'x86_64', os.version: '10.11.4', java.version: '1.7.0_79'
Session ID: 76574b37-c46f-4e24-bb0b-aa80fca98525
Driver info: io.appium.java_client.ios.IOSDriver
Capabilities [{platform=MAC, app=/Users/yangyu/Desktop/apps/JDBClient.app, javascriptEnabled=true, browserName=, networkConnectionEnabled=false, desired={app=/Users/yangyu/Desktop/apps/JDBClient.app, platformVersion=9.3, showIOSLog=true, deviceName=iPhone 5s, platformName=iOS, browser=safari}, locationContextEnabled=false, platformVersion=9.3, showIOSLog=true, databaseEnabled=false, platformName=iOS, deviceName=iPhone 5s, webStorageEnabled=false, browser=safari, takesScreenshot=true}]
	at sun.reflect.NativeConstructorAccessorImpl.newInstance0(Native Method)
	at sun.reflect.NativeConstructorAccessorImpl.newInstance(NativeConstructorAccessorImpl.java:57)
	at sun.reflect.DelegatingConstructorAccessorImpl.newInstance(DelegatingConstructorAccessorImpl.java:45)
	at java.lang.reflect.Constructor.newInstance(Constructor.java:526)
	at org.openqa.selenium.remote.ErrorHandler.createThrowable(ErrorHandler.java:206)
	at org.openqa.selenium.remote.ErrorHandler.throwIfResponseFailed(ErrorHandler.java:158)
	at org.openqa.selenium.remote.RemoteWebDriver.execute(RemoteWebDriver.java:678)
	at io.appium.java_client.DefaultGenericMobileDriver.execute(DefaultGenericMobileDriver.java:40)
	at io.appium.java_client.AppiumDriver.execute(AppiumDriver.java:1)
	at io.appium.java_client.ios.IOSDriver.execute(IOSDriver.java:1)
	at org.openqa.selenium.remote.RemoteWebDriver.get(RemoteWebDriver.java:316)
	at Test01.googleTest(Test01.java:27)
	at sun.reflect.NativeMethodAccessorImpl.invoke0(Native Method)
	at sun.reflect.NativeMethodAccessorImpl.invoke(NativeMethodAccessorImpl.java:57)
	at sun.reflect.DelegatingMethodAccessorImpl.invoke(DelegatingMethodAccessorImpl.java:43)
	at java.lang.reflect.Method.invoke(Method.java:606)
	at org.testng.internal.MethodInvocationHelper.invokeMethod(MethodInvocationHelper.java:80)
	at org.testng.internal.Invoker.invokeMethod(Invoker.java:714)
	at org.testng.internal.Invoker.invokeTestMethod(Invoker.java:901)
	at org.testng.internal.Invoker.invokeTestMethods(Invoker.java:1231)
	at org.testng.internal.TestMethodWorker.invokeTestMethods(TestMethodWorker.java:127)
	at org.testng.internal.TestMethodWorker.run(TestMethodWorker.java:111)
	at org.testng.TestRunner.privateRun(TestRunner.java:767)
	at org.testng.TestRunner.run(TestRunner.java:617)
	at org.testng.SuiteRunner.runTest(SuiteRunner.java:334)
	at org.testng.SuiteRunner.runSequentially(SuiteRunner.java:329)
	at org.testng.SuiteRunner.privateRun(SuiteRunner.java:291)
	at org.testng.SuiteRunner.run(SuiteRunner.java:240)
	at org.testng.SuiteRunnerWorker.runSuite(SuiteRunnerWorker.java:52)
	at org.testng.SuiteRunnerWorker.run(SuiteRunnerWorker.java:86)
	at org.testng.TestNG.runSuitesSequentially(TestNG.java:1198)
	at org.testng.TestNG.runSuitesLocally(TestNG.java:1123)
	at org.testng.TestNG.run(TestNG.java:1031)
	at org.testng.remote.AbstractRemoteTestNG.run(AbstractRemoteTestNG.java:126)
	at org.testng.remote.RemoteTestNG.initAndRun(RemoteTestNG.java:137)
	at org.testng.remote.RemoteTestNG.main(RemoteTestNG.java:58)
]]>
            </full-stacktrace>
          </exception> <!-- org.openqa.selenium.WebDriverException -->
          <reporter-output>
          </reporter-output>
        </test-method> <!-- googleTest -->
      </class> <!-- Test01 -->
    </test> <!-- Default test -->
  </suite> <!-- Default suite -->
</testng-results>
